build/app/intermediates/manifest_merge_blame_file/debug/manifest-merger-blame-debug-report.txt
1<?xml version="1.0" encoding="utf-8"?>
2<manifest xmlns:android="http://schemas.android.com/apk/res/android"
3    package="com.dpsha.ariaorms"
4    android:versionCode="4"
5    android:versionName="1.0.4" >
6
7    <uses-sdk
8        android:minSdkVersion="21"
9        android:targetSdkVersion="34" />
10    <!--
11         The INTERNET permission is required for development. Specifically,
12         the Flutter tool needs it to communicate with the running application
13         to allow setting breakpoints, to provide hot reload, etc.
14    -->
15    <uses-permission android:name="android.permission.INTERNET" />
15-->src/main/AndroidManifest.xml:3:5-66
15-->src/main/AndroidManifest.xml:3:22-64
16    <uses-permission android:name="android.permission.NFC" />
16-->src/main/AndroidManifest.xml:4:5-62
16-->src/main/AndroidManifest.xml:4:22-59
17
18    <uses-feature
18-->src/main/AndroidManifest.xml:5:5-81
19        android:name="android.hardware.nfc"
19-->src/main/AndroidManifest.xml:5:19-54
20        android:required="true" />
20-->src/main/AndroidManifest.xml:5:55-78
21
22    <uses-permission android:name="android.permission.CAMERA" />
22-->src/main/AndroidManifest.xml:6:5-64
22-->src/main/AndroidManifest.xml:6:22-62
23    <uses-permission android:name="android.permission.WRITE_EXTERNAL_STORAGE" />
23-->src/main/AndroidManifest.xml:7:5-80
23-->src/main/AndroidManifest.xml:7:22-78
24    <uses-permission android:name="android.permission.READ_EXTERNAL_STORAGE" />
24-->src/main/AndroidManifest.xml:8:5-79
24-->src/main/AndroidManifest.xml:8:22-77
25    <uses-permission android:name="android.permission.FOREGROUND_SERVICE" />
25-->src/main/AndroidManifest.xml:9:5-77
25-->src/main/AndroidManifest.xml:9:22-74
26    <uses-permission android:name="android.permission.WAKE_LOCK" />
26-->src/main/AndroidManifest.xml:10:5-68
26-->src/main/AndroidManifest.xml:10:22-65
27    <uses-permission android:name="android.permission.RECORD_AUDIO" />
27-->[:camera_android] AndroidManifest.xml:10:5-71
27-->[:camera_android] AndroidManifest.xml:10:22-68
28    <uses-permission android:name="android.permission.VIBRATE" />
28-->[:flutter_local_notifications] AndroidManifest.xml:9:5-66
28-->[:flutter_local_notifications] AndroidManifest.xml:9:22-63
29    <uses-permission android:name="android.permission.POST_NOTIFICATIONS" />
29-->[:flutter_local_notifications] AndroidManifest.xml:10:5-77
29-->[:flutter_local_notifications] AndroidManifest.xml:10:22-74
30
31    <permission
31-->[androidx.core:core:1.13.1] AndroidManifest.xml:22:5-24:47
32        android:name="com.dpsha.ariaorms.DYNAMIC_RECEIVER_NOT_EXPORTED_PERMISSION"
32-->[androidx.core:core:1.13.1] AndroidManifest.xml:23:9-81
33        android:protectionLevel="signature" />
33-->[androidx.core:core:1.13.1] AndroidManifest.xml:24:9-44
34
35    <uses-permission android:name="com.dpsha.ariaorms.DYNAMIC_RECEIVER_NOT_EXPORTED_PERMISSION" />
35-->[androidx.core:core:1.13.1] AndroidManifest.xml:26:5-97
35-->[androidx.core:core:1.13.1] AndroidManifest.xml:26:22-94
36
37    <application
38        android:name="android.app.Application"
39        android:appComponentFactory="androidx.core.app.CoreComponentFactory"
39-->[androidx.core:core:1.13.1] AndroidManifest.xml:28:18-86
40        android:debuggable="true"
41        android:icon="@mipmap/launcher_icon"
42        android:label="Aria ORMS" >
43        <activity
44            android:name="com.dpsha.ariaorms.MainActivity"
45            android:configChanges="orientation|keyboardHidden|keyboard|screenSize|smallestScreenSize|locale|layoutDirection|fontScale|screenLayout|density|uiMode"
46            android:exported="true"
47            android:hardwareAccelerated="true"
48            android:launchMode="singleTop"
49            android:theme="@style/LaunchTheme"
50            android:windowSoftInputMode="adjustResize" >
51
52            <!--
53                 Specifies an Android theme to apply to this Activity as soon as
54                 the Android process has started. This theme is visible to the user
55                 while the Flutter UI initializes. After that, this theme continues
56                 to determine the Window background behind the Flutter UI.
57            -->
58            <meta-data
59                android:name="io.flutter.embedding.android.NormalTheme"
60                android:resource="@style/NormalTheme" />
61
62            <intent-filter>
63                <action android:name="android.intent.action.MAIN" />
64
65                <category android:name="android.intent.category.LAUNCHER" />
66            </intent-filter>
67        </activity>
68
69        <service
70            android:name="com.dpsha.ariaorms.NfcBackgroundService"
71            android:exported="false" />
72        <!--
73             Don't delete the meta-data below.
74             This is used by the Flutter tool to generate GeneratedPluginRegistrant.java
75        -->
76        <meta-data
77            android:name="flutterEmbedding"
78            android:value="2" />
79
80        <uses-library
80-->[androidx.window:window:1.2.0] AndroidManifest.xml:23:9-25:40
81            android:name="androidx.window.extensions"
81-->[androidx.window:window:1.2.0] AndroidManifest.xml:24:13-54
82            android:required="false" />
82-->[androidx.window:window:1.2.0] AndroidManifest.xml:25:13-37
83        <uses-library
83-->[androidx.window:window:1.2.0] AndroidManifest.xml:26:9-28:40
84            android:name="androidx.window.sidecar"
84-->[androidx.window:window:1.2.0] AndroidManifest.xml:27:13-51
85            android:required="false" />
85-->[androidx.window:window:1.2.0] AndroidManifest.xml:28:13-37
86
87        <provider
87-->[androidx.lifecycle:lifecycle-process:2.7.0] AndroidManifest.xml:24:9-32:20
88            android:name="androidx.startup.InitializationProvider"
88-->[androidx.lifecycle:lifecycle-process:2.7.0] AndroidManifest.xml:25:13-67
89            android:authorities="com.dpsha.ariaorms.androidx-startup"
89-->[androidx.lifecycle:lifecycle-process:2.7.0] AndroidManifest.xml:26:13-68
90            android:exported="false" >
90-->[androidx.lifecycle:lifecycle-process:2.7.0] AndroidManifest.xml:27:13-37
91            <meta-data
91-->[androidx.lifecycle:lifecycle-process:2.7.0] AndroidManifest.xml:29:13-31:52
92                android:name="androidx.lifecycle.ProcessLifecycleInitializer"
92-->[androidx.lifecycle:lifecycle-process:2.7.0] AndroidManifest.xml:30:17-78
93                android:value="androidx.startup" />
93-->[androidx.lifecycle:lifecycle-process:2.7.0] AndroidManifest.xml:31:17-49
94            <meta-data
94-->[androidx.profileinstaller:profileinstaller:1.3.1] AndroidManifest.xml:29:13-31:52
95                android:name="androidx.profileinstaller.ProfileInstallerInitializer"
95-->[androidx.profileinstaller:profileinstaller:1.3.1] AndroidManifest.xml:30:17-85
96                android:value="androidx.startup" />
96-->[androidx.profileinstaller:profileinstaller:1.3.1] AndroidManifest.xml:31:17-49
97        </provider>
98
99        <receiver
99-->[androidx.profileinstaller:profileinstaller:1.3.1] AndroidManifest.xml:34:9-52:20
100            android:name="androidx.profileinstaller.ProfileInstallReceiver"
100-->[androidx.profileinstaller:profileinstaller:1.3.1] AndroidManifest.xml:35:13-76
101            android:directBootAware="false"
101-->[androidx.profileinstaller:profileinstaller:1.3.1] AndroidManifest.xml:36:13-44
102            android:enabled="true"
102-->[androidx.profileinstaller:profileinstaller:1.3.1] AndroidManifest.xml:37:13-35
103            android:exported="true"
103-->[androidx.profileinstaller:profileinstaller:1.3.1] AndroidManifest.xml:38:13-36
104            android:permission="android.permission.DUMP" >
104-->[androidx.profileinstaller:profileinstaller:1.3.1] AndroidManifest.xml:39:13-57
105            <intent-filter>
105-->[androidx.profileinstaller:profileinstaller:1.3.1] AndroidManifest.xml:40:13-42:29
106                <action android:name="androidx.profileinstaller.action.INSTALL_PROFILE" />
106-->[androidx.profileinstaller:profileinstaller:1.3.1] AndroidManifest.xml:41:17-91
106-->[androidx.profileinstaller:profileinstaller:1.3.1] AndroidManifest.xml:41:25-88
107            </intent-filter>
108            <intent-filter>
108-->[androidx.profileinstaller:profileinstaller:1.3.1] AndroidManifest.xml:43:13-45:29
109                <action android:name="androidx.profileinstaller.action.SKIP_FILE" />
109-->[androidx.profileinstaller:profileinstaller:1.3.1] AndroidManifest.xml:44:17-85
109-->[androidx.profileinstaller:profileinstaller:1.3.1] AndroidManifest.xml:44:25-82
110            </intent-filter>
111            <intent-filter>
111-->[androidx.profileinstaller:profileinstaller:1.3.1] AndroidManifest.xml:46:13-48:29
112                <action android:name="androidx.profileinstaller.action.SAVE_PROFILE" />
112-->[androidx.profileinstaller:profileinstaller:1.3.1] AndroidManifest.xml:47:17-88
112-->[androidx.profileinstaller:profileinstaller:1.3.1] AndroidManifest.xml:47:25-85
113            </intent-filter>
114            <intent-filter>
114-->[androidx.profileinstaller:profileinstaller:1.3.1] AndroidManifest.xml:49:13-51:29
115                <action android:name="androidx.profileinstaller.action.BENCHMARK_OPERATION" />
115-->[androidx.profileinstaller:profileinstaller:1.3.1] AndroidManifest.xml:50:17-95
115-->[androidx.profileinstaller:profileinstaller:1.3.1] AndroidManifest.xml:50:25-92
116            </intent-filter>
117        </receiver>
118    </application>
119
120</manifest>